<?xml version="1.0" encoding="UTF-8"?>
<testsuite name="com.objectoriented.AddressBookTest" tests="1" skipped="0" failures="0" errors="0" timestamp="2019-12-06T06:35:20" hostname="admin1-desktop" time="0.005">
  <properties/>
  <testcase name="createNewAddressBook" classname="com.objectoriented.AddressBookTest" time="0.005"/>
  <system-out><![CDATA[]]></system-out>
  <system-err><![CDATA[]]></system-err>
</testsuite>
