<?xml version="1.0" encoding="UTF-8"?>
<testsuite name="com.objectoriented.AddressBookTest" tests="1" skipped="0" failures="0" errors="0" timestamp="2019-12-05T12:47:40" hostname="admin1-desktop" time="0.004">
  <properties/>
  <testcase name="writeAddressBookPersonDetails_IntoJson" classname="com.objectoriented.AddressBookTest" time="0.004"/>
  <system-out><![CDATA[]]></system-out>
  <system-err><![CDATA[]]></system-err>
</testsuite>
