<?xml version="1.0" encoding="UTF-8"?>
<testsuite name="com.objectoriented.AddressBookTest" tests="1" skipped="0" failures="0" errors="0" timestamp="2019-12-07T03:55:51" hostname="admin1-desktop" time="0.008">
  <properties/>
  <testcase name="saveAddressBook" classname="com.objectoriented.AddressBookTest" time="0.008"/>
  <system-out><![CDATA[jitendra	Patil	123456	jaipur

prashant	Patil	123654	Thane

dipak	Patil	123698	jaipur

vedant	Patil	123789	Thane

vedant	Patil	123789	Thane

vedant	Patil	123789	Thane

vedant	Patil	123789	Thane

vedant	Patil	123789	Thane

]]></system-out>
  <system-err><![CDATA[]]></system-err>
</testsuite>
