<?xml version="1.0" encoding="UTF-8"?>
<testsuite name="com.objectoriented.AddressBookTest" tests="1" skipped="0" failures="0" errors="0" timestamp="2019-12-06T09:58:17" hostname="admin1-desktop" time="0.003">
  <properties/>
  <testcase name="OpenExistingFile" classname="com.objectoriented.AddressBookTest" time="0.003"/>
  <system-out><![CDATA[newFile.json
addressBOOK.JSON
newFile1.json
]]></system-out>
  <system-err><![CDATA[]]></system-err>
</testsuite>
